<?xml version="1.0" encoding="UTF-8"?>
<testsuite xmlns:xsi="http://www.w3.org/2001/XMLSchema-instance" xsi:noNamespaceSchemaLocation="https://maven.apache.org/surefire/maven-surefire-plugin/xsd/surefire-test-report.xsd" version="3.0.2" name="com.adelaide.AdalaideBackendApplicationTests" time="6.837" tests="1" errors="0" skipped="0" failures="0">
  <properties>
[...]
</properties>
  <testcase name="contextLoads" classname="com.adelaide.AdalaideBackendApplicationTests" time="0.563">
    <system-out><![CDATA[17:36:35.434 [main] INFO org.springframework.test.context.support.AnnotationConfigContextLoaderUtils -- Could not detect default configuration classes for test class [com.adelaide.AdalaideBackendApplicationTests]: AdalaideBackendApplicationTests does not declare any static, non-private, non-final, nested classes annotated with @Configuration.
17:36:35.587 [main] INFO org.springframework.boot.test.context.SpringBootTestContextBootstrapper -- Found @SpringBootConfiguration com.adelaide.AdelaideBackendApplication for test class com.adelaide.AdalaideBackendApplicationTests
17:36:35.858 [main] INFO org.springframework.boot.devtools.restart.RestartApplicationListener -- Restart disabled due to context in which it is running

  .   ____          _            __ _ _
 /\\ / ___'_ __ _ _(_)_ __  __ _ \ \ \ \
( ( )\___ | '_ | '_| | '_ \/ _` | \ \ \ \
 \\/  ___)| |_)| | | | | || (_| |  ) ) ) )
  '  |____| .__|_| |_|_| |_\__, | / / / /
 =========|_|==============|___/=/_/_/_/

 :: Spring Boot ::                (v3.4.4)

2025-05-12T17:36:36.244+09:30  INFO 40512 --- [           main] c.a.AdalaideBackendApplicationTests      : Starting AdalaideBackendApplicationTests using Java 17.0.15 with PID 40512 (started by SUHAR in D:\sem_4\devops\Fringe_Booking_Project\Backend)
2025-05-12T17:36:36.246+09:30  INFO 40512 --- [           main] c.a.AdalaideBackendApplicationTests      : No active profile set, falling back to 1 default profile: "default"
2025-05-12T17:36:37.164+09:30  INFO 40512 --- [           main] .s.d.r.c.RepositoryConfigurationDelegate : Bootstrapping Spring Data JPA repositories in DEFAULT mode.
2025-05-12T17:36:37.273+09:30  INFO 40512 --- [           main] .s.d.r.c.RepositoryConfigurationDelegate : Finished Spring Data repository scanning in 93 ms. Found 1 JPA repository interface.
2025-05-12T17:36:38.068+09:30  INFO 40512 --- [           main] o.hibernate.jpa.internal.util.LogHelper  : HHH000204: Processing PersistenceUnitInfo [name: default]
2025-05-12T17:36:38.186+09:30  INFO 40512 --- [           main] org.hibernate.Version                    : HHH000412: Hibernate ORM core version 6.6.11.Final
2025-05-12T17:36:38.256+09:30  INFO 40512 --- [           main] o.h.c.internal.RegionFactoryInitiator    : HHH000026: Second-level cache disabled
2025-05-12T17:36:38.816+09:30  INFO 40512 --- [           main] o.s.o.j.p.SpringPersistenceUnitInfo      : No LoadTimeWeaver setup: ignoring JPA class transformer
2025-05-12T17:36:38.873+09:30  INFO 40512 --- [           main] com.zaxxer.hikari.HikariDataSource       : HikariPool-1 - Starting...
2025-05-12T17:36:39.155+09:30  INFO 40512 --- [           main] com.zaxxer.hikari.pool.HikariPool        : HikariPool-1 - Added connection conn0: url=jdbc:h2:mem:testdb user=SA
2025-05-12T17:36:39.157+09:30  INFO 40512 --- [           main] com.zaxxer.hikari.HikariDataSource       : HikariPool-1 - Start completed.
2025-05-12T17:36:39.196+09:30  WARN 40512 --- [           main] org.hibernate.orm.deprecation            : HHH90000025: H2Dialect does not need to be specified explicitly using 'hibernate.dialect' (remove the property setting and it will be selected by default)
2025-05-12T17:36:39.241+09:30  INFO 40512 --- [           main] org.hibernate.orm.connections.pooling    : HHH10001005: Database info:
	Database JDBC URL [Connecting through datasource 'HikariDataSource (HikariPool-1)']
	Database driver: undefined/unknown
	Database version: 2.3.232
	Autocommit mode: undefined/unknown
	Isolation level: undefined/unknown
	Minimum pool size: undefined/unknown
	Maximum pool size: undefined/unknown
2025-05-12T17:36:40.048+09:30  INFO 40512 --- [           main] o.h.e.t.j.p.i.JtaPlatformInitiator       : HHH000489: No JTA platform available (set 'hibernate.transaction.jta.platform' to enable JTA platform integration)
Hibernate: drop table if exists users cascade 
Hibernate: create table users (id integer generated by default as identity, country varchar(255), email varchar(255), firstname varchar(255), lastname varchar(255), password varchar(255), primary key (id))
2025-05-12T17:36:40.096+09:30  INFO 40512 --- [           main] j.LocalContainerEntityManagerFactoryBean : Initialized JPA EntityManagerFactory for persistence unit 'default'
2025-05-12T17:36:40.791+09:30  WARN 40512 --- [           main] JpaBaseConfiguration$JpaWebConfiguration : spring.jpa.open-in-view is enabled by default. Therefore, database queries may be performed during view rendering. Explicitly configure spring.jpa.open-in-view to disable this warning
2025-05-12T17:36:41.489+09:30  INFO 40512 --- [           main] c.a.AdalaideBackendApplicationTests      : Started AdalaideBackendApplicationTests in 5.649 seconds (process running for 7.0)
]]></system-out>
  </testcase>
</testsuite>