<?xml version="1.0" encoding="UTF-8"?>
<testsuite xmlns:xsi="http://www.w3.org/2001/XMLSchema-instance" xsi:noNamespaceSchemaLocation="https://maven.apache.org/surefire/maven-surefire-plugin/xsd/surefire-test-report.xsd" version="3.0.2" name="com.adelaide.AdelaideBackendApplicationTests" time="8.547" tests="1" errors="0" skipped="0" failures="0">
  <properties>
[...]
</properties>
  <testcase name="contextLoads" classname="com.adelaide.AdelaideBackendApplicationTests" time="0.427">
    <system-out><![CDATA[20:10:54.952 [main] INFO org.springframework.test.context.support.AnnotationConfigContextLoaderUtils -- Could not detect default configuration classes for test class [com.adelaide.AdelaideBackendApplicationTests]: AdelaideBackendApplicationTests does not declare any static, non-private, non-final, nested classes annotated with @Configuration.
20:10:55.116 [main] INFO org.springframework.boot.test.context.SpringBootTestContextBootstrapper -- Found @SpringBootConfiguration com.adelaide.AdelaideBackendApplication for test class com.adelaide.AdelaideBackendApplicationTests

  .   ____          _            __ _ _
 /\\ / ___'_ __ _ _(_)_ __  __ _ \ \ \ \
( ( )\___ | '_ | '_| | '_ \/ _` | \ \ \ \
 \\/  ___)| |_)| | | | | || (_| |  ) ) ) )
  '  |____| .__|_| |_|_| |_\__, | / / / /
 =========|_|==============|___/=/_/_/_/

 :: Spring Boot ::                (v3.4.4)

2025-05-15T20:10:55.678+09:30  INFO 13376 --- [           main] c.a.AdelaideBackendApplicationTests      : Starting AdelaideBackendApplicationTests using Java 17.0.15 with PID 13376 (started by SUHAR in D:\sem_4\devops\Fringe_Booking_Project\Backend)
2025-05-15T20:10:55.680+09:30  INFO 13376 --- [           main] c.a.AdelaideBackendApplicationTests      : No active profile set, falling back to 1 default profile: "default"
2025-05-15T20:10:56.876+09:30  INFO 13376 --- [           main] .s.d.r.c.RepositoryConfigurationDelegate : Bootstrapping Spring Data JPA repositories in DEFAULT mode.
2025-05-15T20:10:56.963+09:30  INFO 13376 --- [           main] .s.d.r.c.RepositoryConfigurationDelegate : Finished Spring Data repository scanning in 65 ms. Found 2 JPA repository interfaces.
2025-05-15T20:10:58.017+09:30  INFO 13376 --- [           main] o.hibernate.jpa.internal.util.LogHelper  : HHH000204: Processing PersistenceUnitInfo [name: default]
2025-05-15T20:10:58.118+09:30  INFO 13376 --- [           main] org.hibernate.Version                    : HHH000412: Hibernate ORM core version 6.6.11.Final
2025-05-15T20:10:58.194+09:30  INFO 13376 --- [           main] o.h.c.internal.RegionFactoryInitiator    : HHH000026: Second-level cache disabled
2025-05-15T20:10:58.638+09:30  INFO 13376 --- [           main] o.s.o.j.p.SpringPersistenceUnitInfo      : No LoadTimeWeaver setup: ignoring JPA class transformer
2025-05-15T20:10:58.706+09:30  INFO 13376 --- [           main] com.zaxxer.hikari.HikariDataSource       : HikariPool-1 - Starting...
2025-05-15T20:10:58.866+09:30  INFO 13376 --- [           main] com.zaxxer.hikari.pool.HikariPool        : HikariPool-1 - Added connection conn0: url=jdbc:h2:mem:testdb user=SA
2025-05-15T20:10:58.867+09:30  INFO 13376 --- [           main] com.zaxxer.hikari.HikariDataSource       : HikariPool-1 - Start completed.
2025-05-15T20:10:58.886+09:30  WARN 13376 --- [           main] org.hibernate.orm.deprecation            : HHH90000025: H2Dialect does not need to be specified explicitly using 'hibernate.dialect' (remove the property setting and it will be selected by default)
2025-05-15T20:10:58.905+09:30  INFO 13376 --- [           main] org.hibernate.orm.connections.pooling    : HHH10001005: Database info:
	Database JDBC URL [Connecting through datasource 'HikariDataSource (HikariPool-1)']
	Database driver: undefined/unknown
	Database version: 2.3.232
	Autocommit mode: undefined/unknown
	Isolation level: undefined/unknown
	Minimum pool size: undefined/unknown
	Maximum pool size: undefined/unknown
2025-05-15T20:10:59.754+09:30  INFO 13376 --- [           main] o.h.e.t.j.p.i.JtaPlatformInitiator       : HHH000489: No JTA platform available (set 'hibernate.transaction.jta.platform' to enable JTA platform integration)
Hibernate: drop table if exists shows cascade 
Hibernate: drop table if exists users cascade 
Hibernate: create table shows (id integer generated by default as identity, user_id integer not null, description varchar(255), end_date varchar(255), location varchar(255), no_of_seats varchar(255), start_date varchar(255), status varchar(255), time varchar(255), title varchar(255), image_url clob, primary key (id))
Hibernate: create table users (id integer generated by default as identity, country varchar(255), dob varchar(255), email varchar(255), firstname varchar(255), gender varchar(255), lastname varchar(255), mobile varchar(255), password varchar(255), title varchar(255), primary key (id))
2025-05-15T20:10:59.794+09:30  INFO 13376 --- [           main] j.LocalContainerEntityManagerFactoryBean : Initialized JPA EntityManagerFactory for persistence unit 'default'
2025-05-15T20:11:01.126+09:30  WARN 13376 --- [           main] JpaBaseConfiguration$JpaWebConfiguration : spring.jpa.open-in-view is enabled by default. Therefore, database queries may be performed during view rendering. Explicitly configure spring.jpa.open-in-view to disable this warning
2025-05-15T20:11:02.648+09:30  INFO 13376 --- [           main] o.s.b.a.e.web.EndpointLinksResolver      : Exposing 1 endpoint beneath base path '/actuator'
2025-05-15T20:11:02.830+09:30  INFO 13376 --- [           main] c.a.AdelaideBackendApplicationTests      : Started AdelaideBackendApplicationTests in 7.501 seconds (process running for 8.697)
]]></system-out>
  </testcase>
</testsuite>